<?xml version="1.0" encoding="UTF-8" ?>
<beans xmlns="http://www.springframework.org/schema/beans"
       xmlns:xsi="http://www.w3.org/2001/XMLSchema-instance"
       xmlns:aop="http://www.springframework.org/schema/aop"
       xmlns:context="http://www.springframework.org/schema/context"
       xmlns:tx="http://www.springframework.org/schema/tx"
       xsi:schemaLocation="http://www.springframework.org/schema/beans
               http://www.springframework.org/schema/beans/spring-beans-3.0.xsd
               http://www.springframework.org/schema/aop
               http://www.springframework.org/schema/aop/spring-aop-3.1.xsd
               http://www.springframework.org/schema/context
               http://www.springframework.org/schema/context/spring-context-3.0.xsd
               http://www.springframework.org/schema/tx
               http://www.springframework.org/schema/tx/spring-tx-3.1.xsd">
    <context:component-scan base-package="MedicMagic" />

    <bean id="userDao" class="MedicMagic.user.dao.UserDaoJDBC">
        <property name="jdbcTemplate" ref="dataSource" />
        <property name="sqlService" ref="sqlService" />
    </bean>

    <bean id="userCalenderDao" class="MedicMagic.userCalender.dao.UserCalenderDaoJDBC">
        <property name="jdbcTemplate" ref="dataSource" />
        <property name="sqlService" ref="sqlService" />
    </bean>

    <bean id="userSymptomDao" class="MedicMagic.userSymptom.dao.UserSymptomDaoJDBC">
        <property name="jdbcTemplate" ref="dataSource" />
        <property name="sqlService" ref="sqlService" />
    </bean>

    <bean id="userMucusDao" class="MedicMagic.userMucus.dao.UserMucusDaoJDBC">
        <property name="jdbcTemplate" ref="dataSource" />
        <property name="sqlService" ref="sqlService" />
    </bean>

    <bean id="userPhysiologyDao" class="MedicMagic.userPhysiology.dao.UserPhysiologyJDBC">
        <property name="jdbcTemplate" ref="dataSource" />
        <property name="sqlService" ref="sqlService" />
    </bean>

    <bean id="userReminderListDao" class="MedicMagic.userReminder.userReminderList.dao.UserReminderListJDBC">
        <property name="jdbcTemplate" ref="dataSource" />
        <property name="sqlService" ref="sqlService" />
    </bean>

    <bean id="userBirthControlPillsDao" class="MedicMagic.userReminder.userBirthControlPills.dao.UserBirthControlPillsJDBC">
        <property name="jdbcTemplate" ref="dataSource" />
        <property name="sqlService" ref="sqlService" />
    </bean>

    <bean id="userReminderPhysiologyDao" class="MedicMagic.userReminder.userReminderPhysiology.dao.UserReminderPhysiologyJDBC">
        <property name="jdbcTemplate" ref="dataSource" />
        <property name="sqlService" ref="sqlService" />
    </bean>

    <bean id="userHospitalDao" class="MedicMagic.userReminder.userHospital.dao.UserHospitalJDBC">
        <property name="jdbcTemplate" ref="dataSource" />
        <property name="sqlService" ref="sqlService" />
    </bean>

    <bean id="userWaterIntakeDao" class="MedicMagic.userReminder.userWaterIntake.dao.UserWaterIntakeJDBC">
        <property name="jdbcTemplate" ref="dataSource" />
        <property name="sqlService" ref="sqlService" />
    </bean>

    <bean id="userExerciseDao" class="MedicMagic.userReminder.userExercise.dao.UserExerciseJDBC">
        <property name="jdbcTemplate" ref="dataSource" />
        <property name="sqlService" ref="sqlService" />
    </bean>

    <bean id="userSleepDao" class="MedicMagic.userReminder.userSleep.dao.UserSleepJDBC">
        <property name="jdbcTemplate" ref="dataSource" />
        <property name="sqlService" ref="sqlService" />
    </bean>

    <bean id="userService" class="MedicMagic.user.service.UserServiceImpl">
        <property name="userDao" ref="userDao" />
        <property name="userReminderListDao" ref="userReminderListDao" />
        <property name="userBirthControlPillsDao" ref="userBirthControlPillsDao"/>
        <property name="userReminderPhysiologyDao" ref="userReminderPhysiologyDao" />
        <property name="userHospitalDao" ref="userHospitalDao" />
        <property name="userWaterIntakeDao" ref="userWaterIntakeDao" />
        <property name="userExerciseDao" ref="userExerciseDao" />
        <property name="userSleepDao" ref="userSleepDao" />
    </bean>

    <bean id="userCalenderService" class="MedicMagic.userCalender.service.UserCalenderServiceImpl">
        <property name="userCalenderDao" ref="userCalenderDao" />
        <property name="userPhysiologyDao" ref="userPhysiologyDao" />
    </bean>

    <bean id="userSymptomService" class="MedicMagic.userSymptom.service.UserSymptomServiceImpl">
        <property name="userSymptomDao" ref="userSymptomDao" />
    </bean>

    <bean id="userMucusService" class="MedicMagic.userMucus.service.UserMucusServiceImpl">
        <property name="userMucusDao" ref="userMucusDao" />
    </bean>

    <bean id="userPhysiologyService" class="MedicMagic.userPhysiology.service.UserPhysiologyServiceImpl">
        <property name="userPhysiologyDao" ref="userPhysiologyDao" />
    </bean>

    <bean id="userReminderListService" class="MedicMagic.userReminder.userReminderList.service.UserReminderListServiceImpl">
        <property name="userReminderListDao" ref="userReminderListDao"/>
    </bean>

    <bean id="userBirthControlPillsService" class="MedicMagic.userReminder.userBirthControlPills.service.UserBirthControlPillsServiceImpl">
        <property name="userBirthControlPillsDao" ref="userBirthControlPillsDao"/>
    </bean>

    <bean id="userReminderPhysiologyService" class="MedicMagic.userReminder.userReminderPhysiology.service.UserReminderPhysiologyServiceImpl">
        <property name="userReminderPhysiologyDao" ref="userReminderPhysiologyDao" />
    </bean>

    <bean id="userHospitalService" class="MedicMagic.userReminder.userHospital.service.UserHospitalServiceImpl">
        <property name="userHospitalDao" ref="userHospitalDao"/>
    </bean>

    <bean id="userWaterIntakeService" class="MedicMagic.userReminder.userWaterIntake.service.UserWaterIntakeServiceImpl">
        <property name="userWaterIntakeDao" ref="userWaterIntakeDao" />
    </bean>

    <bean id="userExerciseService" class="MedicMagic.userReminder.userExercise.service.UserExerciseServiceImpl">
        <property name="userExerciseDao" ref="userExerciseDao" />
    </bean>

    <bean id="userSleepService" class="MedicMagic.userReminder.userSleep.service.UserSleepServiceImpl">
        <property name="userSleepDao" ref="userSleepDao" />
    </bean>

    <bean id="testUserReminderListService" class="MedicMagic.userReminder.userReminderList.service.UserReminderListServiceTest$TestUserReminderListServiceImpl" parent="userReminderListService" />
    <bean id="testUserBirthControlPillsService" class="MedicMagic.userReminder.userBirthControlPills.service.UserBirthControlPillsServiceTest$TestUserBirthControlPillsServiceImpl" parent="userBirthControlPillsService" />
    <bean id="testUserReminderPhysiologyService" class="MedicMagic.userReminder.userReminderPhysiology.service.UserReminderPhysiologyServiceTest$TestUserReminderPhysiology" parent="userReminderPhysiologyService" />
    <bean id="testUserHospitalService" class="MedicMagic.userReminder.userHospital.service.UserHospitalServiceTest$TestUserHospitalServiceImpl" parent="userHospitalService" />
    <bean id="testUserWaterIntakeService" class="MedicMagic.userReminder.userWaterIntake.service.UserWaterIntakeServiceTest$TestUserWaterIntakeService" parent="userWaterIntakeService" />
    <bean id="testUserExerciseService" class="MedicMagic.userReminder.userExercise.service.UserExerciseServiceTest$TestUserExerciseService" parent="userExerciseService" />
    <bean id="testUserSleepService" class="MedicMagic.userReminder.userSleep.service.UserSleepServiceTest$TestUserSleepService" parent="userSleepService"/>

    <tx:annotation-driven/>
    <bean id="transactionManager" class="org.springframework.jdbc.datasource.DataSourceTransactionManager">
        <property name="dataSource" ref="dataSource" />
    </bean>

    <context:annotation-config />
    <bean id="sqlService" class="MedicMagic.sqlService.BaseSqlService">
        <property name="sqlReader" ref="sqlReader" />
        <property name="sqlRegistry" ref="sqlRegistry" />
    </bean>
    <bean id="sqlReader" class="MedicMagic.sqlService.JaxbXmlSqlReader" />
    <bean id="sqlRegistry" class="MedicMagic.sqlService.HashMapSqlRegistry" />

    <bean id="dataSource" class="org.springframework.jdbc.datasource.SimpleDriverDataSource">
<!--        <property name="driverClass" value="org.mariadb.jdbc.Driver" />-->
<!--        <property name="url" value="jdbc:mariadb://medicmagic-server.cdjty7ay8ee6.ap-northeast-2.rds.amazonaws.com:3306/medicmagic_server" />-->
<!--        <property name="username" value="pushclap" />-->
<!--        <property name="password" value="min20617^^" />-->

        <property name="driverClass" value="com.mysql.cj.jdbc.Driver" />
        <property name="url" value="jdbc:mysql://localhost/medicmagic" />
        <property name="username" value="root" />
        <property name="password" value="min20617" />
    </bean>
</beans>